0 silly input [ 'prepare' ]
1 silly flags { _: [ 'run' ], script: 'prepare', args: [] }
2 verbose rootPath /Users/hemantd/Desktop/defect
3 info version 2.4.0
4 silly existsSync /Users/hemantd/Desktop/defect/VERSION
5 silly initialize attempt
6 silly initialize success
7 silly execute attempt
8 silly runScriptInPackageStreaming [ 'prepare', [], 'defect' ]
9 silly getExecOpts { cwd: '/Users/hemantd/Desktop/defect/defect' }
10 error execute callback with error
11 error Error: Command failed: npm run prepare
11 error warning package.json: No license field
11 error warning package.json: No license field
11 error error Command failed with exit code 2.
11 error npm ERR! code ELIFECYCLE
11 error npm ERR! errno 2
11 error npm ERR! defect@0.0.0 prepare: `yarn run clean && yarn run build`
11 error npm ERR! Exit status 2
11 error npm ERR!
11 error npm ERR! Failed at the defect@0.0.0 prepare script.
11 error npm ERR! This is probably not a problem with npm. There is likely additional logging output above.
11 error
11 error npm ERR! A complete log of this run can be found in:
11 error npm ERR!     /Users/hemantd/.npm/_logs/2020-05-04T17_28_08_754Z-debug.log
11 error
11 error
11 error > defect@0.0.0 prepare /Users/hemantd/Desktop/defect/defect
11 error > yarn run clean && yarn run build
11 error
11 error yarn run v1.22.4
11 error $ rimraf lib
11 error Done in 0.21s.
11 error yarn run v1.22.4
11 error $ tsc
11 error src/browser/defect-frontend-module.ts(5,10): error TS2724: Module '"../../../../../../../Users/hemantd/Desktop/defect/defect/src/browser/defect-contribution"' has no exported member 'DefectCommandContribution'. Did you mean 'DefectApiMenuContribution'?
11 error src/browser/defect-frontend-module.ts(5,37): error TS2305: Module '"../../../../../../../Users/hemantd/Desktop/defect/defect/src/browser/defect-contribution"' has no exported member 'DefectMenuContribution'.
11 error info Visit https://yarnpkg.com/en/docs/cli/run for documentation about this command.
11 error
11 error     at Promise.all.then.arr (/Users/hemantd/Desktop/defect/node_modules/execa/index.js:236:11)
